<?xml version="1.0" encoding="UTF-8"?>
<testng-results ignored="0" total="3" passed="3" failed="0" skipped="0">
  <reporter-output>
  </reporter-output>
  <suite started-at="2025-08-20T15:27:58 IST" name="Default suite" finished-at="2025-08-20T15:28:05 IST" duration-ms="7808">
    <groups>
    </groups>
    <test started-at="2025-08-20T15:27:58 IST" name="Default test" finished-at="2025-08-20T15:28:05 IST" duration-ms="7808">
      <class name="Day_26.SelectBox_Dropdown">
        <test-method is-config="true" signature="launchBrowser()[pri:0, instance:Day_26.SelectBox_Dropdown@1165b38]" started-at="2025-08-20T15:27:58 IST" name="launchBrowser" finished-at="2025-08-20T15:27:59 IST" duration-ms="1368" status="PASS">
          <reporter-output>
          </reporter-output>
        </test-method> <!-- launchBrowser -->
        <test-method signature="logIn()[pri:1, instance:Day_26.SelectBox_Dropdown@1165b38]" started-at="2025-08-20T15:27:59 IST" name="logIn" finished-at="2025-08-20T15:28:03 IST" duration-ms="3851" status="PASS">
          <reporter-output>
          </reporter-output>
        </test-method> <!-- logIn -->
        <test-method signature="clickShoppingCart()[pri:2, instance:Day_26.SelectBox_Dropdown@1165b38]" started-at="2025-08-20T15:28:03 IST" name="clickShoppingCart" finished-at="2025-08-20T15:28:05 IST" duration-ms="1797" status="PASS">
          <reporter-output>
          </reporter-output>
        </test-method> <!-- clickShoppingCart -->
        <test-method signature="countryDropDown()[pri:3, instance:Day_26.SelectBox_Dropdown@1165b38]" started-at="2025-08-20T15:28:05 IST" name="countryDropDown" finished-at="2025-08-20T15:28:05 IST" duration-ms="741" status="PASS">
          <reporter-output>
          </reporter-output>
        </test-method> <!-- countryDropDown -->
      </class> <!-- Day_26.SelectBox_Dropdown -->
    </test> <!-- Default test -->
  </suite> <!-- Default suite -->
</testng-results>
