<?xml version="1.0" encoding="UTF-8"?>
<!-- Generated by org.testng.reporters.JUnitXMLReporter -->
<testsuite ignored="0" hostname="MSI" failures="0" tests="5" name="Smoke Test" time="11.833" errors="0" timestamp="2025-08-16T18:58:29 IST">
  <testcase classname="Day_22_DemoWebShop.Practice_DemoShop" name="logIn" time="3.575"/>
  <testcase classname="Day_22_DemoWebShop.Practice_DemoShop" name="clickBook" time="1.535"/>
  <testcase classname="Day_22_DemoWebShop.Practice_DemoShop" name="selectBooks" time="1.203"/>
  <testcase classname="Day_22_DemoWebShop.Practice_DemoShop" name="settingQuantity" time="0.296"/>
  <testcase classname="Day_22_DemoWebShop.Practice_DemoShop" name="addToCart" time="0.174"/>
</testsuite> <!-- Smoke Test -->
