<?xml version="1.0" encoding="UTF-8"?>
<!-- Generated by org.testng.reporters.JUnitXMLReporter -->
<testsuite ignored="0" hostname="MSI" failures="0" tests="4" name="Test" time="15.425" errors="0" timestamp="2025-08-21T17:19:37 IST">
  <testcase classname="Day_26.ParallelTestDemo2" name="test1" time="0.008"/>
  <testcase classname="Day_26.ParallelTestDemo2" name="test2" time="0.003"/>
  <testcase classname="Day_26.ParallelTestDemo1" name="verifyLogo" time="2.051"/>
  <testcase classname="Day_26.ParallelTestDemo1" name="verifyTitle" time="2.012"/>
</testsuite> <!-- Test -->
