<?xml version="1.0" encoding="UTF-8"?>
<!-- Generated by org.testng.reporters.JUnitXMLReporter -->
<testsuite ignored="1" hostname="MSI" failures="0" tests="1" name="Test1" time="3.973" errors="0" timestamp="2025-08-14T11:03:50 IST">
  <testcase classname="Day_22_DemoWebShop.Annotations" name="loginTest" time="0.0">
    <skipped/>
  </testcase> <!-- loginTest -->
  <testcase classname="Day_22_DemoWebShop.Annotations" name="verifyPage" time="0.0">
    <ignored/>
  </testcase> <!-- verifyPage -->
</testsuite> <!-- Test1 -->
