<?xml version="1.0" encoding="UTF-8"?>
<!-- Generated by org.testng.reporters.JUnitXMLReporter -->
<testsuite ignored="0" hostname="MSI" failures="0" tests="5" name="Test" time="13.167" errors="0" timestamp="2025-08-18T15:56:42 IST">
  <testcase classname="Day_23_PracticeGroup.DemoShop_Group" name="logIn" time="2.049"/>
  <testcase classname="Day_23_PracticeGroup.DemoShop_Group" name="clickBook" time="1.389"/>
  <testcase classname="Day_23_PracticeGroup.DemoShop_Group" name="selectBooks" time="1.528"/>
  <testcase classname="Day_23_PracticeGroup.DemoShop_Group" name="settingQuantity" time="0.188"/>
  <testcase classname="Day_23_PracticeGroup.DemoShop_Group" name="addToCart" time="0.177"/>
</testsuite> <!-- Test -->
