<?xml version="1.0" encoding="UTF-8"?>
<!-- Generated by org.testng.reporters.JUnitXMLReporter -->
<testsuite ignored="0" hostname="MSI" failures="0" tests="3" name="Default test" time="7.808" errors="0" timestamp="2025-08-20T15:28:05 IST">
  <testcase classname="Day_26.SelectBox_Dropdown" name="logIn" time="3.851"/>
  <testcase classname="Day_26.SelectBox_Dropdown" name="clickShoppingCart" time="1.797"/>
  <testcase classname="Day_26.SelectBox_Dropdown" name="countryDropDown" time="0.741"/>
</testsuite> <!-- Default test -->
