<?xml version="1.0" encoding="UTF-8"?>
<!-- Generated by org.testng.reporters.JUnitXMLReporter -->
<testsuite ignored="1" hostname="MSI" failures="1" tests="4" name="LetsKodeIt Test" time="53.995" errors="0" timestamp="2025-08-28T18:03:42 IST">
  <testcase classname="com.letskodeit.testclasses.LoginTest" name="testInvalidLogin" time="10.432"/>
  <testcase classname="com.letskodeit.testclasses.LoginTest" name="testLogin" time="0.322">
    <failure type="java.lang.AssertionError" message="expected [true] but found [false]">
      <![CDATA[java.lang.AssertionError: expected [true] but found [false]
at base.CheckPoint.markFinal(CheckPoint.java:64)
at com.letskodeit.testclasses.LoginTest.testLogin(LoginTest.java:30)
at java.base/java.util.ArrayList.forEach(ArrayList.java:1596)
... Removed 29 stack frames]]>
    </failure>
  </testcase> <!-- testLogin -->
  <testcase classname="com.letskodeit.testclasses.AllCoursesTest" name="searchCourse" time="9.405"/>
  <testcase classname="com.letskodeit.testclasses.AllCoursesTest" name="searchCourse" time="3.453"/>
  <testcase classname="com.letskodeit.testclasses.AllCoursesTest" name="filterByCategory" time="0.0">
    <ignored/>
  </testcase> <!-- filterByCategory -->
</testsuite> <!-- LetsKodeIt Test -->
