<?xml version="1.0" encoding="UTF-8"?>
<!-- Generated by org.testng.reporters.JUnitXMLReporter -->
<testsuite ignored="0" hostname="MSI" failures="0" tests="8" name="Test" time="124.181" errors="0" timestamp="2025-09-08T12:45:34 IST">
  <testcase classname="testCases.Tests_NopCommerce" name="registerTest" time="13.45"/>
  <testcase classname="testCases.Tests_NopCommerce" name="logInTest" time="11.207"/>
  <testcase classname="testCases.Tests_NopCommerce" name="nopCommerceSubmodules" time="3.64"/>
  <testcase classname="testCases.Tests_NopCommerce" name="checkSubmodulesOfElectronicsAreVisible" time="5.27"/>
  <testcase classname="testCases.Tests_NopCommerce" name="verifyCellPhoneAndSelectPhone" time="12.412"/>
  <testcase classname="testCases.Tests_NopCommerce" name="checkDescriptionSetQuantityAndAddressAddTocart" time="5.526"/>
  <testcase classname="testCases.Tests_NopCommerce" name="verifyShOppingCartTestCase" time="3.374"/>
  <testcase classname="testCases.Tests_NopCommerce" name="verifyCheckoutProcessTestCase" time="11.81"/>
</testsuite> <!-- Test -->
